10:59:08.850 [main] INFO  server.Server - Cosmic v83 starting up.
10:59:08.922 [main] INFO  tools.DatabaseConnection - Initializing database connection pool. Connecting to:'jdbc:mysql://localhost:4141/clasico' with user:'root'
10:59:08.928 [main] INFO  hikari.HikariDataSource - HikariPool-1 - Starting...
10:59:09.272 [main] INFO  pool.HikariPool - HikariPool-1 - Added connection com.mysql.cj.jdbc.ConnectionImpl@50fe837a
10:59:09.273 [main] INFO  hikari.HikariDataSource - HikariPool-1 - Start completed.
10:59:09.329 [main] INFO  tools.DatabaseConnection - Connection pool initialized in 406 ms
10:59:13.356 [main] INFO  server.Server - Starting world 0
10:59:14.779 [main] INFO  channel.Channel - Channel 1: Listening on port 7575
10:59:14.860 [main] INFO  channel.Channel - Channel 2: Listening on port 7576
10:59:14.946 [main] INFO  channel.Channel - Channel 3: Listening on port 7577
10:59:14.973 [main] INFO  server.Server - Finished loading world 0
10:59:15.730 [pool-2-thread-5] INFO  client.DamageSkinCatalog - DamageSkinCatalog: 641 new rows from WZ, 641 total in catalog
10:59:15.884 [main] INFO  server.Server - Listening on port 8484
10:59:15.884 [main] INFO  server.Server - Cosmic is now online after 7038 ms.
11:00:52.664 [nioEventLoopGroup-9-1] DEBUG netty.LoginServerInitializer - Client connected to login server from 127.0.0.1 
11:00:52.664 [nioEventLoopGroup-9-2] DEBUG netty.LoginServerInitializer - Client connected to login server from 127.0.0.1 
11:00:59.264 [nioEventLoopGroup-9-3] DEBUG netty.LoginServerInitializer - Client connected to login server from 127.0.0.1 
11:00:59.264 [nioEventLoopGroup-9-4] DEBUG netty.LoginServerInitializer - Client connected to login server from 127.0.0.1 
11:01:12.954 [nioEventLoopGroup-3-1] DEBUG netty.ChannelServerInitializer - Client connecting to world 0, channel 1 from 127.0.0.1
11:01:15.222 [nioEventLoopGroup-3-1] WARN  client.Client - Exception caught by Admin
java.net.SocketException: Connection reset
	at java.base/sun.nio.ch.SocketChannelImpl.throwConnectionReset(SocketChannelImpl.java:401)
	at java.base/sun.nio.ch.SocketChannelImpl.read(SocketChannelImpl.java:434)
	at io.netty.buffer.AdaptivePoolingAllocator$AdaptiveByteBuf.setBytes(AdaptivePoolingAllocator.java:1357)
	at io.netty.buffer.AbstractByteBuf.writeBytes(AbstractByteBuf.java:1139)
	at io.netty.channel.socket.nio.NioSocketChannel.doReadBytes(NioSocketChannel.java:350)
	at io.netty.channel.nio.AbstractNioByteChannel$NioByteUnsafe.read(AbstractNioByteChannel.java:152)
	at io.netty.channel.nio.AbstractNioChannel$AbstractNioUnsafe.handle(AbstractNioChannel.java:445)
	at io.netty.channel.nio.NioIoHandler$DefaultNioRegistration.handle(NioIoHandler.java:381)
	at io.netty.channel.nio.NioIoHandler.processSelectedKey(NioIoHandler.java:575)
	at io.netty.channel.nio.NioIoHandler.processSelectedKeysOptimized(NioIoHandler.java:550)
	at io.netty.channel.nio.NioIoHandler.processSelectedKeys(NioIoHandler.java:491)
	at io.netty.channel.nio.NioIoHandler.run(NioIoHandler.java:468)
	at io.netty.channel.SingleThreadIoEventLoop.runIo(SingleThreadIoEventLoop.java:206)
	at io.netty.channel.SingleThreadIoEventLoop.run(SingleThreadIoEventLoop.java:177)
	at io.netty.util.concurrent.SingleThreadEventExecutor$5.run(SingleThreadEventExecutor.java:1073)
	at io.netty.util.internal.ThreadExecutorMap$2.run(ThreadExecutorMap.java:74)
	at io.netty.util.concurrent.FastThreadLocalRunnable.run(FastThreadLocalRunnable.java:30)
	at java.base/java.lang.Thread.run(Thread.java:1583)
11:01:15.229 [pool-3-thread-11] DEBUG client.Character - Attempting to save chr Admin
11:15:57.238 [Thread-0] INFO  server.Server - Shutting down the server!
11:15:57.239 [Thread-0] INFO  channel.Channel - Shutting down channel 1 in world 0
11:15:57.248 [Thread-0] INFO  channel.Channel - Successfully shut down channel 1 in world 0
11:15:57.248 [Thread-0] INFO  channel.Channel - Shutting down channel 2 in world 0
11:15:57.253 [Thread-0] INFO  channel.Channel - Successfully shut down channel 2 in world 0
11:15:57.254 [Thread-0] INFO  channel.Channel - Shutting down channel 3 in world 0
11:15:57.258 [Thread-0] INFO  channel.Channel - Successfully shut down channel 3 in world 0
11:15:57.258 [Thread-0] INFO  world.World - Finished shutting down world 0
11:15:57.260 [Thread-0] INFO  server.Server - Worlds and channels are offline.
